> Task :app:preBuild UP-TO-DATE
> Task :app:preDebugBuild UP-TO-DATE
> Task :app:mergeDebugNativeDebugMetadata NO-SOURCE
> Task :app:checkKotlinGradlePluginConfigurationErrors SKIPPED
> Task :app:dataBindingMergeDependencyArtifactsDebug UP-TO-DATE
> Task :app:generateDebugResValues UP-TO-DATE
> Task :app:generateDebugResources UP-TO-DATE
> Task :app:mergeDebugResources UP-TO-DATE
> Task :app:packageDebugResources UP-TO-DATE
> Task :app:parseDebugLocalResources UP-TO-DATE
> Task :app:dataBindingGenBaseClassesDebug UP-TO-DATE
> Task :app:checkDebugAarMetadata UP-TO-DATE
> Task :app:mapDebugSourceSetPaths UP-TO-DATE
> Task :app:createDebugCompatibleScreenManifests UP-TO-DATE
> Task :app:extractDeepLinksDebug UP-TO-DATE
> Task :app:processDebugMainManifest UP-TO-DATE
> Task :app:processDebugManifest UP-TO-DATE
> Task :app:processDebugManifestForPackage UP-TO-DATE
> Task :app:processDebugResources UP-TO-DATE
> Task :app:javaPreCompileDebug UP-TO-DATE
> Task :app:mergeDebugShaders UP-TO-DATE
> Task :app:compileDebugShaders NO-SOURCE
> Task :app:generateDebugAssets UP-TO-DATE
> Task :app:mergeDebugAssets UP-TO-DATE
> Task :app:compressDebugAssets UP-TO-DATE
> Task :app:l8DexDesugarLibDebug UP-TO-DATE
> Task :app:checkDebugDuplicateClasses UP-TO-DATE
> Task :app:desugarDebugFileDependencies UP-TO-DATE
> Task :app:mergeExtDexDebug UP-TO-DATE
> Task :app:mergeLibDexDebug UP-TO-DATE
> Task :app:mergeDebugJniLibFolders UP-TO-DATE
> Task :app:mergeDebugNativeLibs NO-SOURCE
> Task :app:stripDebugDebugSymbols NO-SOURCE
> Task :app:validateSigningDebug UP-TO-DATE
> Task :app:writeDebugAppMetadata UP-TO-DATE
> Task :app:writeDebugSigningConfigVersions UP-TO-DATE

> Task :app:compileDebugKotlin FAILED
e: file:///C:/Users/moha4/Documents/Cours/Dev_Mobile_Securite_Services/Projets/MyApplication/app/src/main/java/com/example/myapplication/view/AddConsultationFragment.kt:165:54 Unsupported [dynamic type].
e: file:///C:/Users/moha4/Documents/Cours/Dev_Mobile_Securite_Services/Projets/MyApplication/app/src/main/java/com/example/myapplication/view/AddPatientFragment.kt:95:54 Unsupported [dynamic type].
e: file:///C:/Users/moha4/Documents/Cours/Dev_Mobile_Securite_Services/Projets/MyApplication/app/src/main/java/com/example/myapplication/view/AddPatientFragment.kt:108:41 Unsupported [dynamic type].
e: file:///C:/Users/moha4/Documents/Cours/Dev_Mobile_Securite_Services/Projets/MyApplication/app/src/main/java/com/example/myapplication/view/ConsultationListFragment.kt:113:59 Unsupported [dynamic type].
e: file:///C:/Users/moha4/Documents/Cours/Dev_Mobile_Securite_Services/Projets/MyApplication/app/src/main/java/com/example/myapplication/view/LoginActivity.kt:94:58 Unsupported [dynamic type].
e: file:///C:/Users/moha4/Documents/Cours/Dev_Mobile_Securite_Services/Projets/MyApplication/app/src/main/java/com/example/myapplication/view/MainActivity.kt:134:17 None of the following candidates is applicable:
fun NavController.navigateUp(drawerLayout: Openable?): Boolean
fun NavController.navigateUp(appBarConfiguration: AppBarConfiguration): Boolean
e: file:///C:/Users/moha4/Documents/Cours/Dev_Mobile_Securite_Services/Projets/MyApplication/app/src/main/java/com/example/myapplication/view/SearchConsultationsFragment.kt:136:57 Unsupported [dynamic type].
e: file:///C:/Users/moha4/Documents/Cours/Dev_Mobile_Securite_Services/Projets/MyApplication/app/src/main/java/com/example/myapplication/view/SearchConsultationsFragment.kt:274:58 Unsupported [dynamic type].

FAILURE: Build failed with an exception.

* What went wrong:
Execution failed for task ':app:compileDebugKotlin'.
> A failure occurred while executing org.jetbrains.kotlin.compilerRunner.GradleCompilerRunnerWithWorkers$GradleKotlinCompilerWorkAction
   > Compilation error. See log for more details

* Try:
> Run with --stacktrace option to get the stack trace.
> Run with --info or --debug option to get more log output.
> Run with --scan to get full insights.
> Get more help at https://help.gradle.org.

BUILD FAILED in 6s
29 actionable tasks: 1 executed, 28 up-to-date
